[LOG] System::create                           : Header version = 2.02.24. Current version = 2.02.24.
[LOG] Manager::init                            : maxchannels = 256 studioflags = 00000006 flags 00000000 extradriverdata 0x0.
[LOG] SystemI::init                            : Initialize version=20224 (146338), maxchannels=256, flags=0x00020000
[LOG] SystemI::setOutputInternal               : Setting output to 'FMOD Core Audio Output'
[LOG] OutputCoreAudio::init                    : Output running 2 channels at 48000Hz sample rate.
[LOG] OutputCoreAudio::init                    : Maximum hardware read size: 512 samples, Software buffer size: 512 samples, Number of software buffers: 4.
[LOG] Thread::initThread                       : Init FMOD stream thread. Affinity: 0x4000000000000003, Priority: 0xFFFF7FFB, Stack Size: 98304, Semaphore: No, Sleep Time: 10, Looping: Yes.
[LOG] Thread::initThread                       : Init FMOD mixer thread. Affinity: 0x4000000000000001, Priority: 0xFFFF7FFA, Stack Size: 81920, Semaphore: Yes, Sleep Time: 0, Looping: Yes.
[LOG] AsyncManager::init                       : manager 0x12b39a208 isAsync 0 updatePeriod 0.02
[LOG] AsyncManager::init                       : done
[LOG] PlaybackSystem::init                     : 
[LOG] Thread::initThread                       : Init FMOD Studio sample load thread. Affinity: 0x4000000000000003, Priority: 0xFFFF7FFD, Stack Size: 98304, Semaphore: No, Sleep Time: 1, Looping: No.
[LOG] PlaybackSystem::init                     : done
[LOG] Thread::initThread                       : Init FMOD Studio bank load thread. Affinity: 0x4000000000000003, Priority: 0xFFFF7FFD, Stack Size: 98304, Semaphore: No, Sleep Time: 1, Looping: No.
[LOG] Manager::init                            : done.
[LOG] Manager::readBank                        : fileversion = 142, compatVersion = 140 (oldest = 44, newest = 142)
[LOG] Manager::readBank                        : fileversion = 142, compatVersion = 140 (oldest = 44, newest = 142)
[LOG] Manager::readBank                        : fileversion = 142, compatVersion = 140 (oldest = 44, newest = 142)
[LOG] PlaybackSystem::acquireMasterBus         : Setting master channel group format to 6
[LOG] Manager::readBank                        : fileversion = 142, compatVersion = 140 (oldest = 44, newest = 142)
[LOG] Manager::readBank                        : fileversion = 142, compatVersion = 140 (oldest = 44, newest = 142)
[LOG] Manager::readBank                        : fileversion = 142, compatVersion = 140 (oldest = 44, newest = 142)
[LOG] SystemI::createSoundInternal             : Create name='', mode=0x02000202
[LOG] SystemI::createSoundInternal             : exinfo->cbsize             = 224
[LOG] SystemI::createSoundInternal             : exinfo->length             = 261600
[LOG] SystemI::createSoundInternal             : exinfo->fileoffset         = 7104
[LOG] SystemI::createSoundInternal             : exinfo->numsubsounds       = 1
[LOG] SystemI::createSoundInternal             : exinfo->inclusionlist      = 0x17d3a27f4
[LOG] SystemI::createSoundInternal             : exinfo->inclusionlistnum   = 1
[LOG] SystemI::createSoundInternal             : exinfo->suggestedsoundtype = 5
[LOG] SystemI::createSoundInternal             : exinfo->useropen           = 0x332077b30
[LOG] SystemI::createSoundInternal             : exinfo->userclose          = 0x332077c00
[LOG] SystemI::createSoundInternal             : exinfo->userread           = 0x332077c3c
[LOG] SystemI::createSoundInternal             : exinfo->userseek           = 0x332077d0c
[LOG] SystemI::createSoundInternal             : exinfo->fileuserdata       = 0x3400ce338
[LOG] SystemI::createSoundInternal             : exinfo->initialseekpostype = 1
[LOG] SystemI::DSPCodecPoolRegister            : register codec pool for pool type 5
[LOG] SystemI::createSoundInternal             : Sample 0/1: name='hampsterdeath8', format=5, channels=2, frequency=48000, lengthbytes=7008, lengthpcm=35875, pcmblocksize=0, loopstart=0, loopend=0, mode=0x00000000, channelmask=0x00000000, channelorder=0, peakvolume=0.174252.
[LOG] SystemI::createSoundInternal             : Create name='', mode=0x02000202
[LOG] SystemI::createSoundInternal             : exinfo->cbsize             = 224
[LOG] SystemI::createSoundInternal             : exinfo->length             = 261600
[LOG] SystemI::createSoundInternal             : exinfo->fileoffset         = 7104
[LOG] SystemI::createSoundInternal             : exinfo->numsubsounds       = 1
[LOG] SystemI::createSoundInternal             : exinfo->inclusionlist      = 0x17d3a27f4
[LOG] SystemI::createSoundInternal             : exinfo->inclusionlistnum   = 1
[LOG] SystemI::createSoundInternal             : exinfo->suggestedsoundtype = 5
[LOG] SystemI::createSoundInternal             : exinfo->useropen           = 0x332077b30
[LOG] SystemI::createSoundInternal             : exinfo->userclose          = 0x332077c00
[LOG] SystemI::createSoundInternal             : exinfo->userread           = 0x332077c3c
[LOG] SystemI::createSoundInternal             : exinfo->userseek           = 0x332077d0c
[LOG] SystemI::createSoundInternal             : exinfo->fileuserdata       = 0x3400ce338
[LOG] SystemI::createSoundInternal             : exinfo->initialseekpostype = 1
[LOG] SystemI::DSPCodecPoolRegister            : register codec pool for pool type 5
[LOG] SystemI::createSoundInternal             : Sample 0/1: name='hampsterdeath7', format=5, channels=2, frequency=48000, lengthbytes=12192, lengthpcm=61217, pcmblocksize=0, loopstart=0, loopend=0, mode=0x00000000, channelmask=0x00000000, channelorder=0, peakvolume=0.175529.
[LOG] SystemI::createSoundInternal             : Create name='', mode=0x02000202
[LOG] SystemI::createSoundInternal             : exinfo->cbsize             = 224
[LOG] SystemI::createSoundInternal             : exinfo->length             = 261600
[LOG] SystemI::createSoundInternal             : exinfo->fileoffset         = 7104
[LOG] SystemI::createSoundInternal             : exinfo->numsubsounds       = 1
[LOG] SystemI::createSoundInternal             : exinfo->inclusionlist      = 0x17d3a27f4
[LOG] SystemI::createSoundInternal             : exinfo->inclusionlistnum   = 1
[LOG] SystemI::createSoundInternal             : exinfo->suggestedsoundtype = 5
[LOG] SystemI::createSoundInternal             : exinfo->useropen           = 0x332077b30
[LOG] SystemI::createSoundInternal             : exinfo->userclose          = 0x332077c00
[LOG] SystemI::createSoundInternal             : exinfo->userread           = 0x332077c3c
[LOG] SystemI::createSoundInternal             : exinfo->userseek           = 0x332077d0c
[LOG] SystemI::createSoundInternal             : exinfo->fileuserdata       = 0x3400ce338
[LOG] SystemI::createSoundInternal             : exinfo->initialseekpostype = 1
[LOG] SystemI::DSPCodecPoolRegister            : register codec pool for pool type 5
[LOG] SystemI::createSoundInternal             : Sample 0/1: name='hampsterdeath3', format=5, channels=2, frequency=48000, lengthbytes=8224, lengthpcm=39000, pcmblocksize=0, loopstart=0, loopend=0, mode=0x00000000, channelmask=0x00000000, channelorder=0, peakvolume=0.294689.
[LOG] SystemI::createSoundInternal             : Create name='', mode=0x02000202
[LOG] SystemI::createSoundInternal             : exinfo->cbsize             = 224
[LOG] SystemI::createSoundInternal             : exinfo->length             = 261600
[LOG] SystemI::createSoundInternal             : exinfo->fileoffset         = 7104
[LOG] SystemI::createSoundInternal             : exinfo->numsubsounds       = 1
[LOG] SystemI::createSoundInternal             : exinfo->inclusionlist      = 0x17d3a27f4
[LOG] SystemI::createSoundInternal             : exinfo->inclusionlistnum   = 1
[LOG] SystemI::createSoundInternal             : exinfo->suggestedsoundtype = 5
[LOG] SystemI::createSoundInternal             : exinfo->useropen           = 0x332077b30
[LOG] SystemI::createSoundInternal             : exinfo->userclose          = 0x332077c00
[LOG] SystemI::createSoundInternal             : exinfo->userread           = 0x332077c3c
[LOG] SystemI::createSoundInternal             : exinfo->userseek           = 0x332077d0c
[LOG] SystemI::createSoundInternal             : exinfo->fileuserdata       = 0x3400ce338
[LOG] SystemI::createSoundInternal             : exinfo->initialseekpostype = 1
[LOG] SystemI::DSPCodecPoolRegister            : register codec pool for pool type 5
[LOG] SystemI::createSoundInternal             : Sample 0/1: name='hampsterdeath6', format=5, channels=2, frequency=48000, lengthbytes=3040, lengthpcm=15050, pcmblocksize=0, loopstart=0, loopend=0, mode=0x00000000, channelmask=0x00000000, channelorder=0, peakvolume=0.385968.
[LOG] SystemI::createSoundInternal             : Create name='', mode=0x02000202
[LOG] SystemI::createSoundInternal             : exinfo->cbsize             = 224
[LOG] SystemI::createSoundInternal             : exinfo->length             = 261600
[LOG] SystemI::createSoundInternal             : exinfo->fileoffset         = 7104
[LOG] SystemI::createSoundInternal             : exinfo->numsubsounds       = 1
[LOG] SystemI::createSoundInternal             : exinfo->inclusionlist      = 0x17d3a27f4
[LOG] SystemI::createSoundInternal             : exinfo->inclusionlistnum   = 1
[LOG] SystemI::createSoundInternal             : exinfo->suggestedsoundtype = 5
[LOG] SystemI::createSoundInternal             : exinfo->useropen           = 0x332077b30
[LOG] SystemI::createSoundInternal             : exinfo->userclose          = 0x332077c00
[LOG] SystemI::createSoundInternal             : exinfo->userread           = 0x332077c3c
[LOG] SystemI::createSoundInternal             : exinfo->userseek           = 0x332077d0c
[LOG] SystemI::createSoundInternal             : exinfo->fileuserdata       = 0x3400ce338
[LOG] SystemI::createSoundInternal             : exinfo->initialseekpostype = 1
[LOG] SystemI::DSPCodecPoolRegister            : register codec pool for pool type 5
[LOG] SystemI::createSoundInternal             : Sample 0/1: name='hampsterdeath2', format=5, channels=2, frequency=48000, lengthbytes=7296, lengthpcm=36000, pcmblocksize=0, loopstart=0, loopend=0, mode=0x00000000, channelmask=0x00000000, channelorder=0, peakvolume=0.224704.
[LOG] SystemI::createSoundInternal             : Create name='', mode=0x02000202
[LOG] SystemI::createSoundInternal             : exinfo->cbsize             = 224
[LOG] SystemI::createSoundInternal             : exinfo->length             = 261600
[LOG] SystemI::createSoundInternal             : exinfo->fileoffset         = 7104
[LOG] SystemI::createSoundInternal             : exinfo->numsubsounds       = 1
[LOG] SystemI::createSoundInternal             : exinfo->inclusionlist      = 0x17d3a27f4
[LOG] SystemI::createSoundInternal             : exinfo->inclusionlistnum   = 1
[LOG] SystemI::createSoundInternal             : exinfo->suggestedsoundtype = 5
[LOG] SystemI::createSoundInternal             : exinfo->useropen           = 0x332077b30
[LOG] SystemI::createSoundInternal             : exinfo->userclose          = 0x332077c00
[LOG] SystemI::createSoundInternal             : exinfo->userread           = 0x332077c3c
[LOG] SystemI::createSoundInternal             : exinfo->userseek           = 0x332077d0c
[LOG] SystemI::createSoundInternal             : exinfo->fileuserdata       = 0x3400ce338
[LOG] SystemI::createSoundInternal             : exinfo->initialseekpostype = 1
[LOG] SystemI::DSPCodecPoolRegister            : register codec pool for pool type 5
[LOG] SystemI::createSoundInternal             : Sample 0/1: name='hampsterdeath5', format=5, channels=2, frequency=48000, lengthbytes=6624, lengthpcm=38046, pcmblocksize=0, loopstart=0, loopend=0, mode=0x00000000, channelmask=0x00000000, channelorder=0, peakvolume=0.185494.
[LOG] SystemI::createSoundInternal             : Create name='', mode=0x02000202
[LOG] SystemI::createSoundInternal             : exinfo->cbsize             = 224
[LOG] SystemI::createSoundInternal             : exinfo->length             = 261600
[LOG] SystemI::createSoundInternal             : exinfo->fileoffset         = 7104
[LOG] SystemI::createSoundInternal             : exinfo->numsubsounds       = 1
[LOG] SystemI::createSoundInternal             : exinfo->inclusionlist      = 0x17d3a27f4
[LOG] SystemI::createSoundInternal             : exinfo->inclusionlistnum   = 1
[LOG] SystemI::createSoundInternal             : exinfo->suggestedsoundtype = 5
[LOG] SystemI::createSoundInternal             : exinfo->useropen           = 0x332077b30
[LOG] SystemI::createSoundInternal             : exinfo->userclose          = 0x332077c00
[LOG] SystemI::createSoundInternal             : exinfo->userread           = 0x332077c3c
[LOG] SystemI::createSoundInternal             : exinfo->userseek           = 0x332077d0c
[LOG] SystemI::createSoundInternal             : exinfo->fileuserdata       = 0x3400ce338
[LOG] SystemI::createSoundInternal             : exinfo->initialseekpostype = 1
[LOG] SystemI::DSPCodecPoolRegister            : register codec pool for pool type 5
[LOG] SystemI::createSoundInternal             : Sample 0/1: name='hampsterdeath1', format=5, channels=2, frequency=48000, lengthbytes=4032, lengthpcm=21300, pcmblocksize=0, loopstart=0, loopend=0, mode=0x00000000, channelmask=0x00000000, channelorder=0, peakvolume=0.175623.
[LOG] SystemI::createSoundInternal             : Create name='', mode=0x02000202
[LOG] SystemI::createSoundInternal             : exinfo->cbsize             = 224
[LOG] SystemI::createSoundInternal             : exinfo->length             = 261600
[LOG] SystemI::createSoundInternal             : exinfo->fileoffset         = 7104
[LOG] SystemI::createSoundInternal             : exinfo->numsubsounds       = 1
[LOG] SystemI::createSoundInternal             : exinfo->inclusionlist      = 0x17d3a27f4
[LOG] SystemI::createSoundInternal             : exinfo->inclusionlistnum   = 1
[LOG] SystemI::createSoundInternal             : exinfo->suggestedsoundtype = 5
[LOG] SystemI::createSoundInternal             : exinfo->useropen           = 0x332077b30
[LOG] SystemI::createSoundInternal             : exinfo->userclose          = 0x332077c00
[LOG] SystemI::createSoundInternal             : exinfo->userread           = 0x332077c3c
[LOG] SystemI::createSoundInternal             : exinfo->userseek           = 0x332077d0c
[LOG] SystemI::createSoundInternal             : exinfo->fileuserdata       = 0x3400ce338
[LOG] SystemI::createSoundInternal             : exinfo->initialseekpostype = 1
[LOG] SystemI::DSPCodecPoolRegister            : register codec pool for pool type 5
[LOG] SystemI::createSoundInternal             : Sample 0/1: name='hampsterdeath9', format=5, channels=2, frequency=48000, lengthbytes=5856, lengthpcm=30346, pcmblocksize=0, loopstart=0, loopend=0, mode=0x00000000, channelmask=0x00000000, channelorder=0, peakvolume=0.251884.
[LOG] SystemI::createSoundInternal             : Create name='', mode=0x02000202
[LOG] SystemI::createSoundInternal             : exinfo->cbsize             = 224
[LOG] SystemI::createSoundInternal             : exinfo->length             = 261600
[LOG] SystemI::createSoundInternal             : exinfo->fileoffset         = 7104
[LOG] SystemI::createSoundInternal             : exinfo->numsubsounds       = 1
[LOG] SystemI::createSoundInternal             : exinfo->inclusionlist      = 0x17d3a27f4
[LOG] SystemI::createSoundInternal             : exinfo->inclusionlistnum   = 1
[LOG] SystemI::createSoundInternal             : exinfo->suggestedsoundtype = 5
[LOG] SystemI::createSoundInternal             : exinfo->useropen           = 0x332077b30
[LOG] SystemI::createSoundInternal             : exinfo->userclose          = 0x332077c00
[LOG] SystemI::createSoundInternal             : exinfo->userread           = 0x332077c3c
[LOG] SystemI::createSoundInternal             : exinfo->userseek           = 0x332077d0c
[LOG] SystemI::createSoundInternal             : exinfo->fileuserdata       = 0x3400ce338
[LOG] SystemI::createSoundInternal             : exinfo->initialseekpostype = 1
[LOG] SystemI::DSPCodecPoolRegister            : register codec pool for pool type 5
[LOG] SystemI::createSoundInternal             : Sample 0/1: name='hampsterdeath4', format=5, channels=2, frequency=48000, lengthbytes=4064, lengthpcm=18275, pcmblocksize=0, loopstart=0, loopend=0, mode=0x00000000, channelmask=0x00000000, channelorder=0, peakvolume=0.260014.
[LOG] SoundI::release                          :  (0x11f80ea88)
[LOG] SoundI::release                          :     deargod (0x35a22b088)
[LOG] SoundI::release                          :  (0x35a2ac5a8)
[LOG] SoundI::release                          :     multikill (0x35a2a0688)
[LOG] SoundI::release                          :  (0x34d193418)
[LOG] SoundI::release                          :     bloodbath (0x34d1f1bc8)
[LOG] SoundI::release                          :  (0x35a2b7c68)
[LOG] SoundI::release                          :     leavethemalone (0x35a2b55b8)
[LOG] SoundI::release                          :  (0x35a2f1b38)
[LOG] SoundI::release                          :     mywifeisgone (0x35a2faca8)
[LOG] SoundI::release                          :  (0x12f3fbc58)
[LOG] SoundI::release                          :     nostop (0x12f3fc808)
[LOG] SoundI::release                          :  (0x35a2923b8)
[LOG] SoundI::release                          :     pleasehelpme (0x35a2914a8)
[LOG] SoundI::release                          :  (0x34d18ece8)
[LOG] SoundI::release                          :     stoprightnow (0x34d17e858)
[LOG] SoundI::release                          :  (0x34d13bd68)
[LOG] SoundI::release                          :     thehorror (0x34d10f7d8)
[LOG] SoundI::release                          :  (0x35a2b8d48)
[LOG] SoundI::release                          :     whereisyourmercy (0x35a2e30b8)
[LOG] SoundI::release                          :  (0x32db96b28)
[LOG] SoundI::release                          :     whyareyoudoingthis (0x32dba7da8)
[LOG] SoundI::release                          :  (0x35a2db348)
[LOG] SoundI::release                          :     youreamonster (0x35a2d0648)
[LOG] SoundI::release                          :  (0x34d1244e8)
[LOG] SoundI::release                          :     massacre (0x34d11a6f8)
[LOG] SoundI::release                          :  (0x34d1cf568)
[LOG] SoundI::release                          :     Base Layer - Final Mix (0x35a2e9298)
[LOG] SoundI::release                          : Rock Layer - Final Mix (0x32dbd2688)
[LOG] SoundI::release                          :     Rock Layer - Final Mix (0x32db43848)
[LOG] SoundI::release                          :     Rock Layer - Final Mix (0x32db1a458)
[LOG] SoundI::release                          :  (0x35a2c69d8)
[LOG] SoundI::release                          :     qte_success (0x35a2918f8)
[LOG] SoundI::release                          :  (0x12f3735e8)
[LOG] SoundI::release                          :     flamethrower_alarm (0x377a09188)
[LOG] SoundI::release                          :  (0x32db5f718)
[LOG] SoundI::release                          :     flamethrower (0x32db118e8)
[LOG] SoundI::release                          :  (0x35899a988)
[LOG] SoundI::release                          :     hampsterdeath1 (0x35899aaf8)
[LOG] SoundI::release                          :  (0x35899cbe8)
[LOG] SoundI::release                          :     hampsterdeath2 (0x35899cd58)
[LOG] SoundI::release                          :  (0x35899df88)
[LOG] SoundI::release                          :     hampsterdeath3 (0x35899e0f8)
[LOG] SoundI::release                          :  (0x35899b5a8)
[LOG] SoundI::release                          :     hampsterdeath4 (0x35899b718)
[LOG] SoundI::release                          :  (0x35899d1b8)
[LOG] SoundI::release                          :     hampsterdeath5 (0x35899d328)
[LOG] SoundI::release                          :  (0x35899c758)
[LOG] SoundI::release                          :     hampsterdeath6 (0x35899c8c8)
[LOG] SoundI::release                          :  (0x13d1fb6b8)
[LOG] SoundI::release                          :     hampsterdeath7 (0x13d18e318)
[LOG] SoundI::release                          :  (0x13d1fd988)
[LOG] SoundI::release                          :     hampsterdeath8 (0x13d1e9528)
[LOG] SoundI::release                          :  (0x35899af58)
[LOG] SoundI::release                          :     hampsterdeath9 (0x35899b0c8)
[LOG] Thread::callback                         : FMOD Studio update thread finished.
[LOG] Thread::callback                         : FMOD Studio bank load thread finished.
[LOG] Profile::disconnectAll                   : Profiler disconnecting all clients
[LOG] Thread::callback                         : FMOD Studio sample load thread finished.
[LOG] LiveUpdate::release                      : 
[LOG] LiveUpdate::reset                        : Reset connection (reason Disconnected)
[LOG] Thread::callback                         : FMOD stream thread finished.
[LOG] Thread::callback                         : FMOD mixer thread finished.
[LOG] Profile::disconnectAll                   : Profiler disconnecting all clients
[LOG] SystemI::close                           : Closed.
[LOG] Thread::callback                         : FMOD Studio bank load thread finished.
[LOG] Thread::callback                         : FMOD Studio sample load thread finished.
[LOG] LiveUpdate::release                      : 
[LOG] LiveUpdate::reset                        : Reset connection (reason Disconnected)
[LOG] Thread::callback                         : FMOD stream thread finished.
[LOG] Thread::callback                         : FMOD mixer thread finished.
[LOG] SystemI::close                           : Closed.
[LOG] Thread::callback                         : FMOD nonblocking thread (0) finished.
[LOG] Thread::callback                         : FMOD file thread finished.
